    1  echo  $SHELL
    2  chsh -s $(which zsh)
    3  sh -c "$(wget https://raw.github.com/ohmyzsh/ohmyzsh/master/tools/install.sh -O -)"
    4  cd
    5  ls
    6  cd
    7  cd ..
    8  ls
    9  cd ..
   10  cd mnt
   11  cd c
   12  ls
   13  nano ~/.zshrc
   14  cd
   15  cd ..
   16  cd mnt
   17  cd desktop
   18  cd c
   19  ls
   20  sudo apt install gcc
   21  sudo apt install make
   22  pwd
   23  cd
   24  cd maske
   25  ls
   26  cd
   27  cd ..
   28  ls
   29  cd rmaskey
   30  ls
   31  cd ..
   32  ls
   33  cd mnt
   34  ls
   35  cd wsl
   36  ls
   37  cd ..
   38  cd c
   39  cd Users
   40  cd maske
   41  cd Desktop
   42  ls -latr
   43  ls -latr ; mkdir cs149 ; cd cs149
   44  ls
   45  cd ..
   46  ls
   47  cd cs149
   48  git init
   49  git remote add origin https://reshajm@bitbucket.com/x/cs149.git
   50  git config --global user.email reshaj.maskey@sjsu.edu
   51  git config --global user.name Reshaj
   52  mkdir WS1
   53  cd WS1
   54  git add .
   55  wget -O out.pdf https://tinyurl.com/yy94jltt
   56  ls -latr
   57  history > cmds.log
   58  git add cmds.log *.c
   59  git add cmds.log
   60  git commit -m "First commit" -a
   61  git branch
   62  git push -u origin master
   63  cd Desktop
   64  ls
   65  cd cs149
   66  git push -u origin master
   67  git branch
   68  git add cmds.log
   69  ls
   70  cd ws1
   71  ls
   72  git add cmds.log
   73  git commit -m "First commit" -a
   74  git add out.pdf
   75  git commit -m "First commit" -a
   76  git push -u origin master
   77  git remote set-url origin https://bitbucket.org/reshajm/cs149.git/
   78  git push -u origin master
   79  cd Desktop
   80  mkdir cs149 ; cd cs149
   81  git clone https://reshajm@bitbucket.org/cs149class/cs149.git
   82  git branch
   83  ls
   84  cd cs149
   85  mkdir WS!
   86  mkdir WS1
   87  cd WS1
   88  wget -O out.pdf https://tinyurl.com/yy94jltt
   89  ls -latr
   90  history cmds.log
   91  history > cmds.log
   92  git add cmds.log
   93  git commit -m "First commit" -a
   94  git push -u origin master
   95  git add cmds.log *.c
   96  git add .
   97  git add cmds.log
   98  git add cmds.log -f
   99  git commit -m "First commit" -a
  100  git push -u origin master
  101  sudo snap install clion --classic
  102  clion.sh
  103  sudo snap list
  104  clion.sh
  105  clion
  106  clion.sh
  107  sudo clion.sj
  108  sudo clion.sh
  109  cd Desktop
  110  sudo snap install clion --classic
  111  snap help refresh
  112  sudo snap list
  113  sudo snap clion.sj
  114  sudo snap clion.sh
  115  clion.sh
  116  cd cd149
  117  ls
  118  cd cs149
  119  ls
  120  cd cs149
  121  cd WS1
  122  gcc -o helloWorld helloWorld.c
  123  ./helloWorld
  124  gcc -o noParkingSign noParkingSign.c
  125  ./noParkingSign
  126  gcc -o noParkingSign noParkingSign.c
  127  ./noParkingSign
  128  gcc -o rightArrow rightArrow.c
  129  ./rightArrow
  130  gcc -o rightArrow rightArrow.c
  131  ./rightArrow
  132  gcc -o rightArrow rightArrow.c
  133  ./rightArrow
  134  gcc -o rightArrow rightArrow.c
  135  ./rightArrow
  136  gcc -o rightArrow rightArrow.c
  137  gcc -o warmUpHelloWorld warmUpHelloWorld.c
  138  ./warmUpHelloWorld
  139  gcc -o warmUpHelloWorld warmUpHelloWorld.c
  140  ./warmUpHelloWorld
  141  gcc -o basicOptWVar basicOptWVar.c
  142  ./basicOptWVar
  143  gcc -o basicOptWVar basicOptWVar.c
  144  ./basicOptWVar
  145  gcc -o basicOptWVar basicOptWVar.c
  146  ./basicOptWVar
  147  gcc -o basicOptWVar basicOptWVar.c
  148  ./basicOptWVar
  149  gcc -o asciiArt asciiArt.c
  150  ./asciiArt
  151  gcc -o asciiArt asciiArt.c
  152  ./asciiArt
  153  history > cmds.log
  154  git add cmds.log *.c
  155  git commit -m "Commands log and C files" -a
  156  git push -u origin master
  157  cd Desktop
  158  cd cs149
  159  ls
  160  cd cs149
  161  date
  162  pwd
  163  ls -latr ; mkdir WS2 ; cd WS2
  164  echo $
  165  echo $?
  166  man ps
  167  ps aux
  168  top
  169  history > worksheet2.log
  170  head worksheet2.log
  171  tail worksheet2.log
  172  cat worksheet2.log
  173  gcc -o divInpInt divInpInt.c
  174  ./divInpInt
  175  gcc -o divInpInt divInpInt.c
  176  ./divInpInt
  177  gcc -o mathFunctions mathFunctions.c
  178  gcc -o mathFunctions mathFunctions.c -lm
  179  ./mathFunctions.c
  180  gcc -o mathFunctions mathFunctions.c
  181  gcc -o mathFunctions mathFunctions.c -lm
  182  ./mathFunctions
  183  gcc -o mathFunctions mathFunctions.c -lm
  184  ./mathFunctions
  185  gcc -o mathFunctions mathFunctions.c -lm
  186  ./mathFunctions
  187  gcc -o houseSummary houseSummary.c
  188  ./houseSummary
  189  gcc -o houseSummary houseSummary.c
  190  ./houseSummary
  191  gcc -o welcome welcome.c
  192  ./welcome
  193  gcc -o welcome welcome.c
  194  ./welcome
  195  gcc -o welcome welcome.c
  196  ./welcome
  197  gcc -o welcome welcome.c
  198  ./welcome
  199  gcc -o welcome welcome.c
  200  ./welcome
  201  gcc -o welcome welcome.c
  202  ./welcome
  203  gcc -o welcome welcome.c
  204  ./welcome
  205  gcc -o welcome welcome.c
  206  ./welcome
  207  gcc -o welcome welcome.c
  208  ./welcome
  209  gcc -o welcome welcome.c
  210  ./welcome
  211  gcc -o welcome welcome.c
  212  ./welcome
  213  gcc -o smallestNum smallestNum.c
  214  gcc -o smallestNum smallestNum.c -lm
  215  ./smallestNum
  216  gcc -o smallestNum smallestNum.c -lm
  217  ./smallestNum
  218  23423 3 6546456 444 5
  219  history > worksheet2.log
  220  gcc -o welcome welcome.c
  221  git add worksheet2.log *.c
  222  git add worksheet2.log *.c -f
  223  git commit -m "Command logs and C files for WS2" -a
  224  git push -u origin master
  225  ./welcome
  226  cd Desktop
  227  cd cs140
  228  cd cs149
  229  mkdir A1 ; cd A1
  230  gcc --version
  231  mkdir test ; cd test
  232  gcc -o matrixmult matrixmult.c
  233  cd ..
  234  gcc -o matrixmult matrixmult.c
  235  ./matrixmult test/A1.txt
  236  ./matrixmult test/A2.txt
  237  gcc -o matrixmult matrixmult.c
  238  ./matrixmult test/A1.txt test/W1.txt test/B1.txt
  239  gcc -o matrixmult matrixmult.c -Wall -Werror
  240  gcc -o matrixmult matrixmult.c
  241  gcc -o matrixmult matrixmult.c -Wall -Werror
  242  ./matrixmult test/A1.txt test/W1.txt test/B1.txt
  243  1
  244  cd ..
  245  ./matrixmult test/A1.txt test/W1.txt test/B1.txt
  246  gcc -o matrixmult matrixmult.c -Wall -Werror
  247  ./matrixmult test/A1.txt test/W1.txt test/B1.txt
  248  gcc -o matrixmult matrixmult.c -Wall -Werror
  249  ./matrixmult test/A1.txt test/W1.txt test/B1.txt
  250  gcc -o matrixmult matrixmult.c -Wall -Werror
  251  ./matrixmult test/A1.txt test/W1.txt test/B1.txt
  252  gcc -o matrixmult matrixmult.c -Wall -Werror
  253  ./matrixmult test/A1.txt test/W1.txt test/B1.txt
  254  gcc -o matrixmult matrixmult.c -Wall -Werror
  255  ./matrixmult test/A1.txt test/W1.txt test/B1.txt
  256  gcc -o matrixmult matrixmult.c -Wall -Werror
  257  ./matrixmult test/A1.txt test/W1.txt test/B1.txt
  258  gcc -o matrixmult matrixmult.c -Wall -Werror
  259  ./matrixmult test/A1.txt test/W1.txt test/B1.txt
  260  gcc -o matrixmult matrixmult.c -Wall -Werror
  261  ./matrixmult test/A1.txt test/W1.txt test/B1.txt
  262  gcc -o matrixmult matrixmult.c -Wall -Werror
  263  ./matrixmult test/A1.txt test/W1.txt test/B1.txt
  264  gcc -o matrixmult matrixmult.c -Wall -Werror
  265  ./matrixmult test/A1.txt test/W1.txt test/B1.txt
  266  gcc -o matrixmult matrixmult.c -Wall -Werror
  267  ./matrixmult test/A1.txt test/W1.txt test/B1.txt
  268  gcc matrixmult.c -g
  269  gdb ./a.out
  270  gcc -g -o matrixmult matrixmult.c -Wall -Werror
  271  gdb ./matrixmult test/A1.txt test/W1.txt test/B1.txt
  272  gdb -u reshaj -p 2273
  273  gdb -p 2273
  274  gdb --args matrixmult test/A1.txt test/W1.txt test/B1.txt
  275  gdb -p
  276  sudo mount -o remount,exec /tmp
  277  sudoedit /etc/fstab
  278  chmod +x /usr/bin/gdb
  279  gcc -std=c99 -g -o matrixmult matrixmult.c
  280  gdb --args ./matrixmult test/A1.txt test/W1.txt test/B1.txt
  281  gcc -g -o matrixmult matrixmult.c -Wall -Werror
  282  ./matrixmult test/A1.txt test/W1.txt test/B1.txt
  283  ./matrixmult test/A2.txt test/W2.txt test/B2.txt
  284  gcc -g -o matrixmult matrixmult.c -Wall -Werror
  285  ./matrixmult test/A2.txt test/W2.txt test/B2.txt
  286  gcc -g -o matrixmult matrixmult.c -Wall -Werror
  287  ./matrixmult test/A2.txt test/W2.txt test/B2.txt
  288  gcc -g -o matrixmult matrixmult.c -Wall -Werror
  289  ./matrixmult test/A2.txt test/W2.txt test/B2.txt
  290  gcc -g -o matrixmult matrixmult.c -Wall -Werror
  291  ./matrixmult test/A2.txt test/W2.txt test/B2.txt
  292  gcc -g -o matrixmult matrixmult.c -Wall -Werror
  293  ./matrixmult test/A2.txt test/W2.txt test/B2.txt
  294  gcc -g -o matrixmult matrixmult.c -Wall -Werror
  295  ./matrixmult test/A2.txt test/W2.txt test/B2.txt
  296  gcc -g -o matrixmult matrixmult.c -Wall -Werror
  297  ./matrixmult test/A2.txt test/W2.txt test/B2.txt
  298  gcc -g -o matrixmult matrixmult.c -Wall -Werror
  299  ./matrixmult test/A2.txt test/W2.txt test/B2.txt
  300  ./matrixmult test/A1.txt test/W1.txt test/B1.txt
  301  ./matrixmult test/A3.txt test/W3.txt test/B3.txt
  302  gcc -g -o matrixmult matrixmult.c -Wall -Werror
  303  gcc -g -o matrixmult matrixmult.c
  304  ./matrixmult test/A3.txt test/W3.txt test/B3.txt
  305  gcc -g -o matrixmult matrixmult.c -Wall -Werror
  306  ./matrixmult test/A3.txt test/W3.txt test/B3.txt
  307  ./matrixmult test/A4.txt test/W4.txt test/B4.txt
  308  git add *
  309  git commit -m "completed matrixmult.c and test cases" -a
  310  git push -u origin master
  311  ./matrixmult test/A4.txt test/W4.txt test/B4.txt
  312  git pull
  313  cd ..
  314  cd ws2
  315  git add *.c
  316  git commit -m "file name change" -a
  317  git push -u origin master
  318  cd Desktop
  319  cd cs149
  320  cs149
  321  mkdir WS3 ; cd WS3
  322  wget https://github.com/torvalds/linux/archive/master.zip
  323  unzip master.zip
  324  sudo apt-get install unzip
  325  unzip master.zip
  326  gcc -o 4_14 4_14.c
  327  ./4_14
  328  gcc -o 4_16 4_16.c
  329  ./4_16.c 2 234 2
  330  gcc -o 4_16 4_16.c
  331  ./4_16.c 2 234 2
  332  ./4_16 2 12 2
  333  ./4_16 3 6 9
  334  gcc -o 4_16 4_16.c
  335  ./4_16 3 6 9
  336  gcc -o 4_16 4_16.c
  337  ./4_16 3 6 9
  338  ./4_16 15 20 5 -1
  339  ./4_16 15 20 5 -1 -1 -1
  340  ./4_16 15 20 5
  341  ./4_16 15 20 0 5
  342  gcc -o 4_16 4_16.c
  343  ./4_16 15 20 0 5
  344  ./4_16 15 20 0 5 -1
  345  gcc -o 4_16 4_16.c
  346  ./4_16 15 20 0 5 -1
  347  gcc -o 5_16 5_16.c
  348  ./5_16
  349  gcc -o 5_16 5_16.c
  350  ./5_16
  351  gcc -o 5_16 5_16.c
  352  ./5_16 5 1 2 3 4 5
  353  gcc -o 5_16 5_16.c
  354  ./5_16 5 1 2 3 4 5
  355  gdb -o -g 5_16 5_16.c
  356  gcc -o 5_16 5_16.c
  357  gdb -o -g 5_16 5_16.c
  358  gcc -o 5_16 5_16.c
  359  ./5_16 5 1 2 3 4 5
  360  gcc -o 5_16 5_16.c
  361  ./5_16 5 1 2 3 4 5
  362  gcc -o 5_16 5_16.c
  363  ./5_16 5 1 2 3 4 5
  364  ./5_16 6 12 4 1 11 1212 2
  365  gcc -o 5_18 5_18.c
  366  ./5_18 2 3 4 8 11 -1
  367  gcc -o 5_18 5_18.c
  368  ./5_18 2 3 4 8 11 -1
  369  ./5_18 2 3 4 8 11 15 22 -1
  370  ./5_18 2 3 4 8 11 -1
  371  gcc -o 5_18 5_18.c
  372  ./5_18 2 3 4 8 11 -1
  373  ./5_18 2 3 4 8 11 12 13 14 15 16 17-1
  374  gcc -o 5_18 5_18.c
  375  ./5_18 2 3 4 8 11 12 13 14 15 16 17 -1
  376  gcc -o 5_18 5_18.c
  377  ./5_18 2 3 4 8 11 12 13 14 15 16 17 -1
  378  gcc -o 5_18 5_18.c
  379  ./5_18 2 3 4 8 11 12 13 14 15 16 17 -1
  380  gcc -o 5_19 5_19.c
  381  ./5_19
  382  gcc -o 5_19 5_19.c
  383  ./5_19
  384  gcc -o 5_19 5_19.c
  385  ./5_19
  386  gcc -o 5_19 5_19.c
  387  ./5_19
  388  gcc -o 5_19 5_19.c
  389  chmod +x /usr/bin/gdb
  390  gcc -g -o 5_19 5_19.c
  391  gcc -g -Q -o 5_19 5_19.c
  392  gdb ./5_19
  393  sudo apt install gdb
  394  gcc -g -Q -o 5_19 5_19.c
  395  gdb ./5_19
  396  sudo apt-get update
  397  sudo apt install gdb
  398  sudo --fix-missing
  399  sudo --fix -missing
  400  --fix -missing
  401  gcc -o 5_19 5_19.c
  402  gdb ./5_19
  403  gcc -o 5_19 5_19.c
  404  ./5_19
  405  gcc -o 5_19 5_19.c
  406  ./5_19
  407  gdb ./5_19
  408  cd Desktop/cs149/cs149/WS3
  409  gcc -o 5_19 5_19.c
  410  ./5_19
  411  gcc -o 5_19 5_19.c
  412  ./5_19
  413  gcc -o 5_23 5_23.c
  414  ./5_23
  415  gcc -o 5_23 5_23.c
  416  ./5_19
  417  gcc -o 5_23 5_23.c
  418  gcc -o 5_19 5_19.c
  419  gcc -o 5_24 5_24.c
  420  ./5_24
  421  gcc -o 5_24 5_24.c
  422  ./5_24
  423  gcc -o 5_24 5_24.c
  424  ./5_24
  425  gcc -o 5_24 5_24.c
  426  ./5_24
  427  gcc -o 4_16 4_16.c
  428  ./4_16
  429  gcc -o 4_16 4_16.c
  430  gcc -o 5_23 5_23.c
  431  gcc -o 4_16 4_16.c
  432  ./4_16
  433  gcc -o 4_16 4_16.c
  434  ./4_16
  435  gcc -o 5_16 5_16.c
  436  ./5_16
  437  gcc -o 5_16 5_16.c
  438  ./5_16
  439  gcc -o 5_16 5_16.c
  440  ./5_16
  441  gcc -o 5_18 5_18.c
  442  ./5_18
  443  gcc -o 5_18 5_18.c
  444  ./5_18
  445  gcc -o 5_18 5_18.c
  446  ./5_18
  447  gcc -o 5_18 5_18.c
  448  ./5_18
  449  gcc -o 5_18 5_18.c
  450  ./5_18
  451  gcc -o 5_18 5_18.c
  452  ./5_18
  453  gcc -o 4_16 4_16.c
  454  ./4_16
  455  gcc -o 5_16 5_16.c
  456  ./5_16
  457  ./4_16
  458  pwd
  459  alias 1='ls -latr'
  460  l
  461  find . -name mem.c
  462  find . -name mem.c | xargs head
  463  cd linux-master
  464  pwd
  465  l
  466  find . -name mem.c
  467  wget https://github.com/torvalds/linux/archive/master.zip
  468  cd ..
  469  ls
  470  wget https://github.com/torvalds/linux/archive/master.zip
  471  unzip master.zip
  472  cd linux-master
  473  pwd
  474  alias 1='ls -latr'
  475  l
  476  find . -name mem.c
  477  find . -name mem.c | xargs head
  478  find . -name mem.c | xargs grep 86
  479  cd ..
  480  hsitory > worksheet3.log
