    1  echo  $SHELL
    2  chsh -s $(which zsh)
    3  sh -c "$(wget https://raw.github.com/ohmyzsh/ohmyzsh/master/tools/install.sh -O -)"
    4  cd
    5  ls
    6  cd
    7  cd ..
    8  ls
    9  cd ..
   10  cd mnt
   11  cd c
   12  ls
   13  nano ~/.zshrc
   14  cd
   15  cd ..
   16  cd mnt
   17  cd desktop
   18  cd c
   19  ls
   20  sudo apt install gcc
   21  sudo apt install make
   22  pwd
   23  cd
   24  cd maske
   25  ls
   26  cd
   27  cd ..
   28  ls
   29  cd rmaskey
   30  ls
   31  cd ..
   32  ls
   33  cd mnt
   34  ls
   35  cd wsl
   36  ls
   37  cd ..
   38  cd c
   39  cd Users
   40  cd maske
   41  cd Desktop
   42  ls -latr
   43  ls -latr ; mkdir cs149 ; cd cs149
   44  ls
   45  cd ..
   46  ls
   47  cd cs149
   48  git init
   49  git remote add origin https://reshajm@bitbucket.com/x/cs149.git
   50  git config --global user.email reshaj.maskey@sjsu.edu
   51  git config --global user.name Reshaj
   52  mkdir WS1
   53  cd WS1
   54  git add .
   55  wget -O out.pdf https://tinyurl.com/yy94jltt
   56  ls -latr
   57  history > cmds.log
   58  git add cmds.log *.c
   59  git add cmds.log
   60  git commit -m "First commit" -a
   61  git branch
   62  git push -u origin master
   63  cd Desktop
   64  ls
   65  cd cs149
   66  git push -u origin master
   67  git branch
   68  git add cmds.log
   69  ls
   70  cd ws1
   71  ls
   72  git add cmds.log
   73  git commit -m "First commit" -a
   74  git add out.pdf
   75  git commit -m "First commit" -a
   76  git push -u origin master
   77  git remote set-url origin https://bitbucket.org/reshajm/cs149.git/
   78  git push -u origin master
   79  cd Desktop
   80  mkdir cs149 ; cd cs149
   81  git clone https://reshajm@bitbucket.org/cs149class/cs149.git
   82  git branch
   83  ls
   84  cd cs149
   85  mkdir WS!
   86  mkdir WS1
   87  cd WS1
   88  wget -O out.pdf https://tinyurl.com/yy94jltt
   89  ls -latr
   90  history cmds.log
   91  history > cmds.log
   92  git add cmds.log
   93  git commit -m "First commit" -a
   94  git push -u origin master
   95  git add cmds.log *.c
   96  git add .
   97  git add cmds.log
   98  git add cmds.log -f
   99  git commit -m "First commit" -a
  100  git push -u origin master
  101  sudo snap install clion --classic
  102  clion.sh
  103  sudo snap list
  104  clion.sh
  105  clion
  106  clion.sh
  107  sudo clion.sj
  108  sudo clion.sh
  109  cd Desktop
  110  sudo snap install clion --classic
  111  snap help refresh
  112  sudo snap list
  113  sudo snap clion.sj
  114  sudo snap clion.sh
  115  clion.sh
  116  cd cd149
  117  ls
  118  cd cs149
  119  ls
  120  cd cs149
  121  cd WS1
  122  gcc -o helloWorld helloWorld.c
  123  ./helloWorld
  124  gcc -o noParkingSign noParkingSign.c
  125  ./noParkingSign
  126  gcc -o noParkingSign noParkingSign.c
  127  ./noParkingSign
  128  gcc -o rightArrow rightArrow.c
  129  ./rightArrow
  130  gcc -o rightArrow rightArrow.c
  131  ./rightArrow
  132  gcc -o rightArrow rightArrow.c
  133  ./rightArrow
  134  gcc -o rightArrow rightArrow.c
  135  ./rightArrow
  136  gcc -o rightArrow rightArrow.c
  137  gcc -o warmUpHelloWorld warmUpHelloWorld.c
  138  ./warmUpHelloWorld
  139  gcc -o warmUpHelloWorld warmUpHelloWorld.c
  140  ./warmUpHelloWorld
  141  gcc -o basicOptWVar basicOptWVar.c
  142  ./basicOptWVar
  143  gcc -o basicOptWVar basicOptWVar.c
  144  ./basicOptWVar
  145  gcc -o basicOptWVar basicOptWVar.c
  146  ./basicOptWVar
  147  gcc -o basicOptWVar basicOptWVar.c
  148  ./basicOptWVar
  149  gcc -o asciiArt asciiArt.c
  150  ./asciiArt
  151  gcc -o asciiArt asciiArt.c
  152  ./asciiArt
  153  history > cmds.log
  154  git add cmds.log *.c
  155  git commit -m "Commands log and C files" -a
  156  git push -u origin master
  157  cd Desktop
  158  cd cs149
  159  ls
  160  cd cs149
  161  date
  162  pwd
  163  ls -latr ; mkdir WS2 ; cd WS2
  164  echo $
  165  echo $?
  166  man ps
  167  ps aux
  168  top
  169  history > worksheet2.log
  170  head worksheet2.log
  171  tail worksheet2.log
  172  cat worksheet2.log
  173  gcc -o divInpInt divInpInt.c
  174  ./divInpInt
  175  gcc -o divInpInt divInpInt.c
  176  ./divInpInt
  177  gcc -o mathFunctions mathFunctions.c
  178  gcc -o mathFunctions mathFunctions.c -lm
  179  ./mathFunctions.c
  180  gcc -o mathFunctions mathFunctions.c
  181  gcc -o mathFunctions mathFunctions.c -lm
  182  ./mathFunctions
  183  gcc -o mathFunctions mathFunctions.c -lm
  184  ./mathFunctions
  185  gcc -o mathFunctions mathFunctions.c -lm
  186  ./mathFunctions
  187  gcc -o houseSummary houseSummary.c
  188  ./houseSummary
  189  gcc -o houseSummary houseSummary.c
  190  ./houseSummary
  191  gcc -o welcome welcome.c
  192  ./welcome
  193  gcc -o welcome welcome.c
  194  ./welcome
  195  gcc -o welcome welcome.c
  196  ./welcome
  197  gcc -o welcome welcome.c
  198  ./welcome
  199  gcc -o welcome welcome.c
  200  ./welcome
  201  gcc -o welcome welcome.c
  202  ./welcome
  203  gcc -o welcome welcome.c
  204  ./welcome
  205  gcc -o welcome welcome.c
  206  ./welcome
  207  gcc -o welcome welcome.c
  208  ./welcome
  209  gcc -o welcome welcome.c
  210  ./welcome
  211  gcc -o welcome welcome.c
  212  ./welcome
  213  gcc -o smallestNum smallestNum.c
  214  gcc -o smallestNum smallestNum.c -lm
  215  ./smallestNum
  216  gcc -o smallestNum smallestNum.c -lm
  217  ./smallestNum
  218  23423 3 6546456 444 5
